<?xml version="1.0" encoding="UTF-8"?>
<!-- Generated by org.testng.reporters.JUnitReportReporter -->
<testsuite skipped="0" hostname="DESKTOP-NN5F7IB" name="com.OranegHrm.HomePage.LoginPage" tests="1" failures="0" timestamp="29 Apr 2019 11:43:40 GMT" time="13.071" errors="0">
  <testcase name="testLoginHomepage" time="13.071" classname="com.OranegHrm.HomePage.LoginPage"/>
</testsuite> <!-- com.OranegHrm.HomePage.LoginPage -->
