<?xml version="1.0" encoding="UTF-8"?>
<!-- Generated by org.testng.reporters.JUnitReportReporter -->
<testsuite skipped="0" hostname="DESKTOP-NN5F7IB" name="com.orangeHrm.GenralInf.EditGeneralInformation" tests="1" failures="0" timestamp="29 Apr 2019 11:43:40 GMT" time="14.933" errors="0">
  <testcase name="TestUserAbletoEditGeneralInformation" time="14.933" classname="com.orangeHrm.GenralInf.EditGeneralInformation"/>
</testsuite> <!-- com.orangeHrm.GenralInf.EditGeneralInformation -->
