<?xml version="1.0" encoding="UTF-8"?>
<!-- Generated by org.testng.reporters.JUnitReportReporter -->
<testsuite skipped="0" hostname="DESKTOP-NN5F7IB" name="LoginPage" tests="2" failures="0" timestamp="29 Apr 2019 08:09:12 GMT" time="29.844" errors="0">
  <testcase name="testLoginHomepage" time="14.632" classname="LoginPage"/>
  <testcase name="verifyGeneralInformationUnderAdmin" time="15.212" classname="LoginPage"/>
</testsuite> <!-- LoginPage -->
