<?xml version="1.0" encoding="UTF-8"?>
<!-- Generated by org.testng.reporters.JUnitReportReporter -->
<testsuite skipped="0" hostname="DESKTOP-NN5F7IB" name="com.orangeHrm.AdminTab.AdminMenu" tests="1" failures="0" timestamp="29 Apr 2019 11:43:40 GMT" time="13.719" errors="0">
  <testcase name="verifyGeneralInformationUnderAdmin" time="13.719" classname="com.orangeHrm.AdminTab.AdminMenu"/>
</testsuite> <!-- com.orangeHrm.AdminTab.AdminMenu -->
